<?xml version="1.0" encoding="UTF-8"?>
<!-- Generated by org.testng.reporters.JUnitReportReporter -->
<testsuite hostname="GH-2G1N542" name="com.snpm.test.TestHomePage" tests="1" failures="0" timestamp="6 Jun 2017 04:47:01 GMT" time="2.185" errors="0">
  <testcase name="enterInputs" time="2.185" classname="com.snpm.test.TestHomePage"/>
</testsuite> <!-- com.snpm.test.TestHomePage -->
