<?xml version="1.0" encoding="UTF-8"?>
<!-- Generated by org.testng.reporters.JUnitReportReporter -->
<testsuite hostname="GH-2G1N542" name="com.snpm.test.TestHomePage" tests="1" failures="0" timestamp="10 Jun 2017 08:00:44 GMT" time="22.163" errors="0">
  <testcase name="enterInputs" time="22.163" classname="com.snpm.test.TestHomePage"/>
</testsuite> <!-- com.snpm.test.TestHomePage -->
