<?xml version="1.0" encoding="UTF-8"?>
<!-- Generated by org.testng.reporters.JUnitReportReporter -->
<testsuite hostname="GH-2G1N542" name="com.snpm.test.TestHomePage" tests="1" failures="0" timestamp="10 Jun 2017 07:55:01 GMT" time="10.259" errors="0">
  <testcase name="enterInputs" time="10.259" classname="com.snpm.test.TestHomePage"/>
</testsuite> <!-- com.snpm.test.TestHomePage -->
