<?xml version="1.0" encoding="UTF-8"?>
<!-- Generated by org.testng.reporters.JUnitReportReporter -->
<testsuite hostname="GH-2G1N542" name="log4j.TestLog4j" tests="1" failures="0" timestamp="5 Jun 2017 12:35:53 GMT" time="0.013" errors="0">
  <testcase name="log4jTest" time="0.013" classname="log4j.TestLog4j"/>
</testsuite> <!-- log4j.TestLog4j -->
